[INFO] Scanning for projects...
[INFO] 
[INFO] ------------------------< com.inhoan.test:test >------------------------
[INFO] Building test 1.0-SNAPSHOT
[INFO] --------------------------------[ jar ]---------------------------------
[INFO] 
[INFO] --- maven-resources-plugin:3.3.1:resources (default-resources) @ test ---
[INFO] skip non existing resourceDirectory /root/test/src/main/resources
[INFO] 
[INFO] --- maven-compiler-plugin:3.13.0:compile (default-compile) @ test ---
[INFO] Nothing to compile - all classes are up to date.
[INFO] 
[INFO] --- exec-maven-plugin:3.5.0:java (default-cli) @ test ---
현재 환율 : 1445.0원
03:36:15.179 [com.inhoan.test.RateCrawling.main()] DEBUG org.mariadb.jdbc.message.server.OkPacket -- Database change: is 'crawling'
03:36:15.200 [com.inhoan.test.RateCrawling.main()] DEBUG org.mariadb.jdbc.client.impl.StandardClient -- execute query: set sql_mode=CONCAT(@@sql_mode,',STRICT_TRANS_TABLES'),session_track_system_variables = CONCAT(@@global.session_track_system_variables,',tx_isolation'),NAMES utf8mb4
03:36:15.202 [com.inhoan.test.RateCrawling.main()] DEBUG org.mariadb.jdbc.message.server.OkPacket -- System variable change:  character_set_connection = utf8mb4
03:36:15.202 [com.inhoan.test.RateCrawling.main()] DEBUG org.mariadb.jdbc.message.server.OkPacket -- System variable change:  character_set_client = utf8mb4
03:36:15.202 [com.inhoan.test.RateCrawling.main()] DEBUG org.mariadb.jdbc.message.server.OkPacket -- System variable change:  character_set_results = utf8mb4
03:36:15.248 [com.inhoan.test.RateCrawling.main()] DEBUG org.mariadb.jdbc.client.impl.StandardClient -- execute query: INSERT INTO exchange_rate (rate) VALUES (?)
1개의 행이 삽입 되었습니다.
[INFO] ------------------------------------------------------------------------
[INFO] BUILD SUCCESS
[INFO] ------------------------------------------------------------------------
[INFO] Total time:  7.267 s
[INFO] Finished at: 2025-03-18T03:36:15+09:00
[INFO] ------------------------------------------------------------------------
[INFO] Scanning for projects...
[INFO] 
[INFO] ------------------------< com.inhoan.test:test >------------------------
[INFO] Building test 1.0-SNAPSHOT
[INFO] --------------------------------[ jar ]---------------------------------
[INFO] 
[INFO] --- maven-resources-plugin:3.3.1:resources (default-resources) @ test ---
[INFO] skip non existing resourceDirectory /root/test/src/main/resources
[INFO] 
[INFO] --- maven-compiler-plugin:3.13.0:compile (default-compile) @ test ---
[INFO] Recompiling the module because of changed source code.
[INFO] Compiling 4 source files with javac [debug release 17] to target/classes
[INFO] -------------------------------------------------------------
[ERROR] COMPILATION ERROR : 
[INFO] -------------------------------------------------------------
[ERROR] /root/test/src/main/java/com/inhoan/test/RateCrawling.java:[15,8] class RateCrawlin is public, should be declared in a file named RateCrawlin.java
[INFO] 1 error
[INFO] -------------------------------------------------------------
[INFO] ------------------------------------------------------------------------
[INFO] BUILD FAILURE
[INFO] ------------------------------------------------------------------------
[INFO] Total time:  5.713 s
[INFO] Finished at: 2025-03-18T03:37:11+09:00
[INFO] ------------------------------------------------------------------------
[ERROR] Failed to execute goal org.apache.maven.plugins:maven-compiler-plugin:3.13.0:compile (default-compile) on project test: Compilation failure
[ERROR] /root/test/src/main/java/com/inhoan/test/RateCrawling.java:[15,8] class RateCrawlin is public, should be declared in a file named RateCrawlin.java
[ERROR] 
[ERROR] -> [Help 1]
[ERROR] 
[ERROR] To see the full stack trace of the errors, re-run Maven with the -e switch.
[ERROR] Re-run Maven using the -X switch to enable full debug logging.
[ERROR] 
[ERROR] For more information about the errors and possible solutions, please read the following articles:
[ERROR] [Help 1] http://cwiki.apache.org/confluence/display/MAVEN/MojoFailureException
